0 info it worked if it ends with ok
1 verbose cli [ 'node', '/usr/local/bin/npm', 'publish' ]
2 info using npm@2.7.5
3 info using node@v0.12.2
4 verbose node symlink /usr/local/bin/node
5 verbose publish [ '.' ]
6 silly cache add args [ '.', null ]
7 verbose cache add spec .
8 silly cache add parsed spec { raw: '.',
8 silly cache add   scope: null,
8 silly cache add   name: null,
8 silly cache add   rawSpec: '.',
8 silly cache add   spec: '/Users/ZachGordon/front_end/a4/fizzbuzz-redux__W5-A4',
8 silly cache add   type: 'directory' }
9 verbose addLocalDirectory /Users/ZachGordon/.npm/sea-d44-fizz-buzz-zg/1.0.1/package.tgz not in flight; packing
10 verbose tar pack [ '/Users/ZachGordon/.npm/sea-d44-fizz-buzz-zg/1.0.1/package.tgz',
10 verbose tar pack   '/Users/ZachGordon/front_end/a4/fizzbuzz-redux__W5-A4' ]
11 verbose tarball /Users/ZachGordon/.npm/sea-d44-fizz-buzz-zg/1.0.1/package.tgz
12 verbose folder /Users/ZachGordon/front_end/a4/fizzbuzz-redux__W5-A4
13 info prepublish sea-d44-fizz-buzz-zg@1.0.1
14 verbose addLocalTarball adding from inside cache /Users/ZachGordon/.npm/sea-d44-fizz-buzz-zg/1.0.1/package.tgz
15 silly cache afterAdd sea-d44-fizz-buzz-zg@1.0.1
16 verbose afterAdd /Users/ZachGordon/.npm/sea-d44-fizz-buzz-zg/1.0.1/package/package.json not in flight; writing
17 verbose afterAdd /Users/ZachGordon/.npm/sea-d44-fizz-buzz-zg/1.0.1/package/package.json written
18 silly publish { name: 'sea-d44-fizz-buzz-zg',
18 silly publish   version: '1.0.1',
18 silly publish   description: 'First attempt at making a node module library to be published.',
18 silly publish   main: 'index.js',
18 silly publish   scripts: { test: 'echo "Error: no test specified" && exit 1' },
18 silly publish   repository:
18 silly publish    { type: 'git',
18 silly publish      url: 'https://github.com/ZachKGordon/fizzbuzz-redux__W5-A4.git' },
18 silly publish   keywords: [ 'sea-d44' ],
18 silly publish   author: { name: 'Zach Gordon', email: 'z.gordon.h@gmail.com' },
18 silly publish   license: 'ISC',
18 silly publish   bugs: { url: 'https://github.com/ZachKGordon/fizzbuzz-redux__W5-A4/issues' },
18 silly publish   homepage: 'https://github.com/ZachKGordon/fizzbuzz-redux__W5-A4',
18 silly publish   gitHead: '34f2c8114ecbcfc59488e1d5477dab3d322deb08',
18 silly publish   readme: '# fizzbuzz-redux__W5-A4\n\nTonight\'s assignment: refactor your FizzBuzz into a library and publish it to the npm registry.\n\nYou will first refactor the object to have an `input` and an `output` method, instead of the "read" and "write" methods.\n\nJust like last night\'s homework, your constructor should accept arguments that change the strings "Fizz" and "Buzz" (e.g. `new FizzBuzz(\'Bleep\', \'Blorp\')`). The `input` method should accept two arguments, `min` and `max`—you may safely assume they are `Numbers`. `output` does not take any arguments, but _must_ return an array.\n\nYour module should expose a function using the CommonJS `module.exports` construct. I should be able to `npm install <your-module>` and use it like so:\n\n```\nvar FizzBuzz = require(\'<your-module>\');\n\nvar buzzer = new FizzBuzz(); // Should accept string arguments that replace \'Fizz\' and \'Buzz\'\nbuzzer.input(1, 120);\n\nconsole.log(buzzer.output());\n```\n\nName your module `sea-d44-fizz-buzz-<your initials>` and publish it to the npm registry. And, as usual, fork this repo and submit a PR.\n\n\n',
18 silly publish   readmeFilename: 'README.md',
18 silly publish   _id: 'sea-d44-fizz-buzz-zg@1.0.1',
18 silly publish   _shasum: 'e3670e632fa266155c5f8b758344cb436d6a4f65',
18 silly publish   _from: '.' }
19 silly mapToRegistry name sea-d44-fizz-buzz-zg
20 silly mapToRegistry using default registry
21 silly mapToRegistry registry https://registry.npmjs.org/
22 silly mapToRegistry uri https://registry.npmjs.org/sea-d44-fizz-buzz-zg
23 verbose publish registryBase https://registry.npmjs.org/
24 silly publish uploading /Users/ZachGordon/.npm/sea-d44-fizz-buzz-zg/1.0.1/package.tgz
25 verbose request uri https://registry.npmjs.org/sea-d44-fizz-buzz-zg
26 verbose request sending authorization for write operation
27 info attempt registry request try #1 at 10:09:24
28 verbose request using bearer token for auth
29 verbose request id 4aadcb1b63b43171
30 http request PUT https://registry.npmjs.org/sea-d44-fizz-buzz-zg
31 http 403 https://registry.npmjs.org/sea-d44-fizz-buzz-zg
32 verbose headers { 'content-type': 'application/json',
32 verbose headers   'cache-control': 'max-age=60',
32 verbose headers   'content-length': '95',
32 verbose headers   'accept-ranges': 'bytes',
32 verbose headers   date: 'Fri, 02 Oct 2015 17:09:24 GMT',
32 verbose headers   via: '1.1 varnish',
32 verbose headers   connection: 'keep-alive',
32 verbose headers   'x-served-by': 'cache-sjc3124-SJC',
32 verbose headers   'x-cache': 'MISS',
32 verbose headers   'x-cache-hits': '0',
32 verbose headers   'x-timer': 'S1443805764.794928,VS0,VE150' }
33 verbose request invalidating /Users/ZachGordon/.npm/registry.npmjs.org/sea-d44-fizz-buzz-zg on PUT
34 error publish Failed PUT 403
35 verbose stack Error: "You cannot publish over the previously published version 1.0.1." : sea-d44-fizz-buzz-zg
35 verbose stack     at CachingRegistryClient.<anonymous> (/usr/local/lib/node_modules/npm/node_modules/npm-registry-client/lib/request.js:247:14)
35 verbose stack     at Request._callback (/usr/local/lib/node_modules/npm/node_modules/npm-registry-client/lib/request.js:170:14)
35 verbose stack     at Request.self.callback (/usr/local/lib/node_modules/npm/node_modules/request/request.js:360:22)
35 verbose stack     at Request.emit (events.js:110:17)
35 verbose stack     at Request.<anonymous> (/usr/local/lib/node_modules/npm/node_modules/request/request.js:1202:14)
35 verbose stack     at Request.emit (events.js:129:20)
35 verbose stack     at IncomingMessage.<anonymous> (/usr/local/lib/node_modules/npm/node_modules/request/request.js:1150:12)
35 verbose stack     at IncomingMessage.emit (events.js:129:20)
35 verbose stack     at _stream_readable.js:908:16
35 verbose stack     at process._tickCallback (node.js:355:11)
36 verbose statusCode 403
37 verbose pkgid sea-d44-fizz-buzz-zg
38 verbose cwd /Users/ZachGordon/front_end/a4/fizzbuzz-redux__W5-A4
39 error Darwin 14.5.0
40 error argv "node" "/usr/local/bin/npm" "publish"
41 error node v0.12.2
42 error npm  v2.7.5
43 error code E403
44 error "You cannot publish over the previously published version 1.0.1." : sea-d44-fizz-buzz-zg
45 error If you need help, you may report this error at:
45 error     <https://github.com/npm/npm/issues>
46 verbose exit [ 1, true ]
